<?xml version="1.0" encoding="UTF-8"?>
<!-- Generated by org.testng.reporters.JUnitReportReporter -->
<testsuite hostname="LAPTOP-RECDC7GO" failures="0" tests="6" name="applicationpages.BaseUITest" time="79.189" errors="0" timestamp="2022-10-08T19:22:29 CAT" skipped="0">
  <testcase classname="applicationpages.BaseUITest" name="TC1" time="12.358"/>
  <system-out/>
  <testcase classname="applicationpages.BaseUITest" name="TC2" time="15.241"/>
  <system-out/>
  <testcase classname="applicationpages.BaseUITest" name="TC3" time="5.616"/>
  <system-out/>
  <testcase classname="applicationpages.BaseUITest" name="TC4" time="11.919"/>
  <system-out/>
  <testcase classname="applicationpages.BaseUITest" name="TC5" time="15.874"/>
  <system-out/>
  <testcase classname="applicationpages.BaseUITest" name="TC6" time="18.181"/>
  <system-out/>
</testsuite> <!-- applicationpages.BaseUITest -->
